0 info it worked if it ends with ok
1 verbose cli [ '/usr/bin/node', '/usr/bin/npm', 'run', 'start' ]
2 info using npm@2.15.11
3 info using node@v4.8.7
4 verbose config Skipping project config: /home/uid1000/.npmrc. (matches userconfig)
5 verbose run-script [ 'prestart', 'start', 'poststart' ]
6 info prestart docker_web_app@1.0.0
7 info start docker_web_app@1.0.0
8 verbose unsafe-perm in lifecycle true
9 info docker_web_app@1.0.0 Failed to exec start script
10 verbose stack Error: docker_web_app@1.0.0 start: `node app.js`
10 verbose stack Exit status 1
10 verbose stack     at EventEmitter.<anonymous> (/usr/lib/node_modules/npm/lib/utils/lifecycle.js:217:16)
10 verbose stack     at emitTwo (events.js:87:13)
10 verbose stack     at EventEmitter.emit (events.js:172:7)
10 verbose stack     at ChildProcess.<anonymous> (/usr/lib/node_modules/npm/lib/utils/spawn.js:24:14)
10 verbose stack     at emitTwo (events.js:87:13)
10 verbose stack     at ChildProcess.emit (events.js:172:7)
10 verbose stack     at maybeClose (internal/child_process.js:862:16)
10 verbose stack     at Process.ChildProcess._handle.onexit (internal/child_process.js:222:5)
11 verbose pkgid docker_web_app@1.0.0
12 verbose cwd /home/uid1000
13 error Linux 4.9.87-linuxkit-aufs
14 error argv "/usr/bin/node" "/usr/bin/npm" "run" "start"
15 error node v4.8.7
16 error npm  v2.15.11
17 error code ELIFECYCLE
18 error docker_web_app@1.0.0 start: `node app.js`
18 error Exit status 1
19 error Failed at the docker_web_app@1.0.0 start script 'node app.js'.
19 error This is most likely a problem with the docker_web_app package,
19 error not with npm itself.
19 error Tell the author that this fails on your system:
19 error     node app.js
19 error You can get information on how to open an issue for this project with:
19 error     npm bugs docker_web_app
19 error Or if that isn't available, you can get their info via:
19 error
19 error     npm owner ls docker_web_app
19 error There is likely additional logging output above.
20 verbose exit [ 1, true ]
